<?xml version="1.0" encoding="UTF-8"?>
<coverage generated="1666039194335" clover="3.2.0">
  <project timestamp="1666039194336" name="All files">
    <metrics statements="31" coveredstatements="21" conditionals="17" coveredconditionals="6" methods="14" coveredmethods="8" elements="62" coveredelements="35" complexity="0" loc="31" ncloc="31" packages="2" files="4" classes="4"/>
    <package name="auth">
      <metrics statements="8" coveredstatements="2" conditionals="3" coveredconditionals="0" methods="4" coveredmethods="2"/>
      <file name="index.js" path="C:\Users\hersh\GithubRepos\JS-SDK\src\auth\index.js">
        <metrics statements="8" coveredstatements="2" conditionals="3" coveredconditionals="0" methods="4" coveredmethods="2"/>
        <line num="2" count="1" type="stmt"/>
        <line num="6" count="1" type="stmt"/>
        <line num="10" count="0" type="stmt"/>
        <line num="11" count="0" type="stmt"/>
        <line num="14" count="0" type="stmt"/>
        <line num="16" count="0" type="stmt"/>
        <line num="17" count="0" type="stmt"/>
        <line num="26" count="0" type="stmt"/>
      </file>
    </package>
    <package name="database.wrappers">
      <metrics statements="23" coveredstatements="19" conditionals="14" coveredconditionals="6" methods="10" coveredmethods="6"/>
      <file name="counter.js" path="C:\Users\hersh\GithubRepos\JS-SDK\src\database\wrappers\counter.js">
        <metrics statements="14" coveredstatements="14" conditionals="8" coveredconditionals="5" methods="4" coveredmethods="4"/>
        <line num="8" count="4" type="stmt"/>
        <line num="9" count="4" type="stmt"/>
        <line num="13" count="2" type="stmt"/>
        <line num="17" count="3" type="cond" truecount="2" falsecount="0"/>
        <line num="18" count="2" type="stmt"/>
        <line num="20" count="1" type="stmt"/>
        <line num="21" count="2" type="stmt"/>
        <line num="27" count="1" type="cond" truecount="1" falsecount="0"/>
        <line num="28" count="4" type="cond" truecount="1" falsecount="1"/>
        <line num="29" count="4" type="stmt"/>
        <line num="30" count="4" type="cond" truecount="1" falsecount="1"/>
        <line num="32" count="4" type="stmt"/>
        <line num="33" count="4" type="stmt"/>
        <line num="34" count="4" type="stmt"/>
      </file>
      <file name="database.js" path="C:\Users\hersh\GithubRepos\JS-SDK\src\database\wrappers\database.js">
        <metrics statements="2" coveredstatements="1" conditionals="0" coveredconditionals="0" methods="3" coveredmethods="1"/>
        <line num="5" count="4" type="stmt"/>
        <line num="9" count="0" type="stmt"/>
      </file>
      <file name="utils.js" path="C:\Users\hersh\GithubRepos\JS-SDK\src\database\wrappers\utils.js">
        <metrics statements="7" coveredstatements="4" conditionals="6" coveredconditionals="1" methods="3" coveredmethods="1"/>
        <line num="5" count="1" type="stmt"/>
        <line num="6" count="4" type="cond" truecount="1" falsecount="1"/>
        <line num="7" count="0" type="stmt"/>
        <line num="10" count="4" type="stmt"/>
        <line num="13" count="4" type="stmt"/>
        <line num="17" count="0" type="cond" truecount="0" falsecount="2"/>
        <line num="21" count="0" type="cond" truecount="0" falsecount="2"/>
      </file>
    </package>
  </project>
</coverage>
