<?xml version="1.0" encoding="UTF-8"?>
<coverage generated="1667266268622" clover="3.2.0">
  <project timestamp="1667266268622" name="All files">
    <metrics statements="81" coveredstatements="70" conditionals="48" coveredconditionals="32" methods="29" coveredmethods="26" elements="158" coveredelements="128" complexity="0" loc="81" ncloc="81" packages="2" files="6" classes="6"/>
    <package name="auth">
      <metrics statements="8" coveredstatements="3" conditionals="3" coveredconditionals="0" methods="4" coveredmethods="3"/>
      <file name="index.js" path="C:\Users\hersh\GithubRepos\JS-SDK\src\auth\index.js">
        <metrics statements="8" coveredstatements="3" conditionals="3" coveredconditionals="0" methods="4" coveredmethods="3"/>
        <line num="2" count="1" type="stmt"/>
        <line num="6" count="1" type="stmt"/>
        <line num="10" count="0" type="stmt"/>
        <line num="11" count="0" type="stmt"/>
        <line num="14" count="0" type="stmt"/>
        <line num="16" count="0" type="stmt"/>
        <line num="17" count="0" type="stmt"/>
        <line num="26" count="1" type="stmt"/>
      </file>
    </package>
    <package name="database.wrappers">
      <metrics statements="73" coveredstatements="67" conditionals="45" coveredconditionals="32" methods="25" coveredmethods="23"/>
      <file name="counter.js" path="C:\Users\hersh\GithubRepos\JS-SDK\src\database\wrappers\counter.js">
        <metrics statements="14" coveredstatements="14" conditionals="8" coveredconditionals="8" methods="4" coveredmethods="4"/>
        <line num="8" count="4" type="stmt"/>
        <line num="9" count="4" type="stmt"/>
        <line num="13" count="2" type="stmt"/>
        <line num="17" count="3" type="cond" truecount="2" falsecount="0"/>
        <line num="18" count="2" type="stmt"/>
        <line num="20" count="1" type="stmt"/>
        <line num="21" count="1" type="stmt"/>
        <line num="27" count="1" type="cond" truecount="1" falsecount="0"/>
        <line num="28" count="6" type="cond" truecount="2" falsecount="0"/>
        <line num="29" count="5" type="stmt"/>
        <line num="30" count="5" type="cond" truecount="2" falsecount="0"/>
        <line num="32" count="4" type="stmt"/>
        <line num="33" count="4" type="stmt"/>
        <line num="34" count="4" type="stmt"/>
      </file>
      <file name="database.js" path="C:\Users\hersh\GithubRepos\JS-SDK\src\database\wrappers\database.js">
        <metrics statements="2" coveredstatements="2" conditionals="0" coveredconditionals="0" methods="3" coveredmethods="2"/>
        <line num="5" count="19" type="stmt"/>
        <line num="9" count="1" type="stmt"/>
      </file>
      <file name="docstore.js" path="C:\Users\hersh\GithubRepos\JS-SDK\src\database\wrappers\docstore.js">
        <metrics statements="26" coveredstatements="22" conditionals="20" coveredconditionals="9" methods="8" coveredmethods="7"/>
        <line num="9" count="6" type="stmt"/>
        <line num="10" count="6" type="stmt"/>
        <line num="14" count="4" type="cond" truecount="2" falsecount="0"/>
        <line num="15" count="1" type="stmt"/>
        <line num="17" count="3" type="stmt"/>
        <line num="22" count="1" type="stmt"/>
        <line num="26" count="5" type="cond" truecount="1" falsecount="1"/>
        <line num="27" count="5" type="cond" truecount="1" falsecount="1"/>
        <line num="28" count="5" type="stmt"/>
        <line num="32" count="2" type="stmt"/>
        <line num="33" count="2" type="cond" truecount="1" falsecount="1"/>
        <line num="34" count="2" type="stmt"/>
        <line num="35" count="2" type="stmt"/>
        <line num="39" count="1" type="cond" truecount="1" falsecount="1"/>
        <line num="40" count="1" type="stmt"/>
        <line num="44" count="0" type="cond" truecount="0" falsecount="2"/>
        <line num="45" count="0" type="cond" truecount="0" falsecount="2"/>
        <line num="47" count="0" type="stmt"/>
        <line num="48" count="0" type="stmt"/>
        <line num="53" count="1" type="stmt"/>
        <line num="58" count="6" type="cond" truecount="1" falsecount="1"/>
        <line num="59" count="6" type="stmt"/>
        <line num="60" count="6" type="cond" truecount="1" falsecount="1"/>
        <line num="62" count="6" type="stmt"/>
        <line num="63" count="6" type="stmt"/>
        <line num="64" count="6" type="stmt"/>
      </file>
      <file name="keyvalue.js" path="C:\Users\hersh\GithubRepos\JS-SDK\src\database\wrappers\keyvalue.js">
        <metrics statements="20" coveredstatements="20" conditionals="11" coveredconditionals="11" methods="7" coveredmethods="7"/>
        <line num="8" count="9" type="stmt"/>
        <line num="9" count="9" type="stmt"/>
        <line num="13" count="1" type="stmt"/>
        <line num="17" count="3" type="cond" truecount="2" falsecount="0"/>
        <line num="18" count="1" type="stmt"/>
        <line num="20" count="2" type="stmt"/>
        <line num="24" count="1" type="stmt"/>
        <line num="28" count="6" type="cond" truecount="2" falsecount="0"/>
        <line num="29" count="1" type="stmt"/>
        <line num="32" count="5" type="stmt"/>
        <line num="36" count="2" type="cond" truecount="2" falsecount="0"/>
        <line num="37" count="1" type="stmt"/>
        <line num="39" count="1" type="stmt"/>
        <line num="44" count="1" type="cond" truecount="1" falsecount="0"/>
        <line num="45" count="11" type="cond" truecount="2" falsecount="0"/>
        <line num="46" count="10" type="stmt"/>
        <line num="47" count="10" type="cond" truecount="2" falsecount="0"/>
        <line num="49" count="9" type="stmt"/>
        <line num="50" count="9" type="stmt"/>
        <line num="51" count="9" type="stmt"/>
      </file>
      <file name="utils.js" path="C:\Users\hersh\GithubRepos\JS-SDK\src\database\wrappers\utils.js">
        <metrics statements="11" coveredstatements="9" conditionals="6" coveredconditionals="4" methods="3" coveredmethods="3"/>
        <line num="5" count="1" type="stmt"/>
        <line num="6" count="21" type="cond" truecount="2" falsecount="0"/>
        <line num="7" count="2" type="stmt"/>
        <line num="10" count="19" type="stmt"/>
        <line num="13" count="19" type="stmt"/>
        <line num="17" count="6" type="cond" truecount="1" falsecount="1"/>
        <line num="18" count="6" type="stmt"/>
        <line num="20" count="0" type="stmt"/>
        <line num="24" count="7" type="cond" truecount="1" falsecount="1"/>
        <line num="25" count="7" type="stmt"/>
        <line num="27" count="0" type="stmt"/>
      </file>
    </package>
  </project>
</coverage>
