{"C:\\Users\\hersh\\GithubRepos\\JS-SDK\\src\\auth\\index.js": {"path":"C:\\Users\\hersh\\GithubRepos\\JS-SDK\\src\\auth\\index.js","statementMap":{"0":{"start":{"line":2,"column":1},"end":{"line":2,"column":48}},"1":{"start":{"line":6,"column":1},"end":{"line":6,"column":50}},"2":{"start":{"line":10,"column":1},"end":{"line":18,"column":2}},"3":{"start":{"line":11,"column":2},"end":{"line":13,"column":4}},"4":{"start":{"line":14,"column":2},"end":{"line":14,"column":39}},"5":{"start":{"line":16,"column":2},"end":{"line":16,"column":18}},"6":{"start":{"line":17,"column":2},"end":{"line":17,"column":9}},"7":{"start":{"line":26,"column":1},"end":{"line":31,"column":2}}},"fnMap":{"0":{"name":"isLoggedIn","decl":{"start":{"line":1,"column":16},"end":{"line":1,"column":26}},"loc":{"start":{"line":1,"column":29},"end":{"line":3,"column":1}},"line":1},"1":{"name":"getAccountId","decl":{"start":{"line":5,"column":16},"end":{"line":5,"column":28}},"loc":{"start":{"line":5,"column":31},"end":{"line":7,"column":1}},"line":5},"2":{"name":"logout","decl":{"start":{"line":9,"column":22},"end":{"line":9,"column":28}},"loc":{"start":{"line":9,"column":31},"end":{"line":19,"column":1}},"line":9},"3":{"name":"login","decl":{"start":{"line":21,"column":22},"end":{"line":21,"column":27}},"loc":{"start":{"line":25,"column":2},"end":{"line":32,"column":1}},"line":25}},"branchMap":{"0":{"loc":{"start":{"line":22,"column":1},"end":{"line":22,"column":26}},"type":"default-arg","locations":[{"start":{"line":22,"column":11},"end":{"line":22,"column":26}}],"line":22},"1":{"loc":{"start":{"line":23,"column":1},"end":{"line":23,"column":34}},"type":"default-arg","locations":[{"start":{"line":23,"column":14},"end":{"line":23,"column":34}}],"line":23},"2":{"loc":{"start":{"line":24,"column":1},"end":{"line":24,"column":34}},"type":"default-arg","locations":[{"start":{"line":24,"column":14},"end":{"line":24,"column":34}}],"line":24}},"s":{"0":1,"1":1,"2":0,"3":0,"4":0,"5":0,"6":0,"7":1},"f":{"0":1,"1":1,"2":0,"3":1},"b":{"0":[0],"1":[0],"2":[0]},"_coverageSchema":"1a1c01bbd47fc00a2c39e90264f33305004495a9","hash":"24ba82af9324342f37ca0b8b3e001dc63e13a631"}
,"C:\\Users\\hersh\\GithubRepos\\JS-SDK\\src\\database\\wrappers\\counter.js": {"path":"C:\\Users\\hersh\\GithubRepos\\JS-SDK\\src\\database\\wrappers\\counter.js","statementMap":{"0":{"start":{"line":8,"column":2},"end":{"line":8,"column":17}},"1":{"start":{"line":9,"column":2},"end":{"line":9,"column":27}},"2":{"start":{"line":13,"column":2},"end":{"line":13,"column":29}},"3":{"start":{"line":17,"column":2},"end":{"line":18,"column":42}},"4":{"start":{"line":18,"column":3},"end":{"line":18,"column":42}},"5":{"start":{"line":20,"column":2},"end":{"line":22,"column":3}},"6":{"start":{"line":20,"column":15},"end":{"line":20,"column":16}},"7":{"start":{"line":21,"column":3},"end":{"line":21,"column":29}},"8":{"start":{"line":27,"column":26},"end":{"line":35,"column":1}},"9":{"start":{"line":28,"column":1},"end":{"line":28,"column":56}},"10":{"start":{"line":28,"column":15},"end":{"line":28,"column":56}},"11":{"start":{"line":29,"column":17},"end":{"line":29,"column":47}},"12":{"start":{"line":30,"column":1},"end":{"line":30,"column":54}},"13":{"start":{"line":30,"column":15},"end":{"line":30,"column":54}},"14":{"start":{"line":32,"column":18},"end":{"line":32,"column":48}},"15":{"start":{"line":33,"column":1},"end":{"line":33,"column":22}},"16":{"start":{"line":34,"column":1},"end":{"line":34,"column":37}}},"fnMap":{"0":{"name":"(anonymous_0)","decl":{"start":{"line":7,"column":1},"end":{"line":7,"column":2}},"loc":{"start":{"line":7,"column":23},"end":{"line":10,"column":2}},"line":7},"1":{"name":"(anonymous_1)","decl":{"start":{"line":12,"column":1},"end":{"line":12,"column":2}},"loc":{"start":{"line":12,"column":7},"end":{"line":14,"column":2}},"line":12},"2":{"name":"(anonymous_2)","decl":{"start":{"line":16,"column":1},"end":{"line":16,"column":2}},"loc":{"start":{"line":16,"column":20},"end":{"line":23,"column":2}},"line":16},"3":{"name":"(anonymous_3)","decl":{"start":{"line":27,"column":26},"end":{"line":27,"column":27}},"loc":{"start":{"line":27,"column":75},"end":{"line":35,"column":1}},"line":27}},"branchMap":{"0":{"loc":{"start":{"line":16,"column":11},"end":{"line":16,"column":18}},"type":"default-arg","locations":[{"start":{"line":16,"column":17},"end":{"line":16,"column":18}}],"line":16},"1":{"loc":{"start":{"line":17,"column":2},"end":{"line":18,"column":42}},"type":"if","locations":[{"start":{"line":17,"column":2},"end":{"line":18,"column":42}},{"start":{},"end":{}}],"line":17},"2":{"loc":{"start":{"line":27,"column":42},"end":{"line":27,"column":70}},"type":"default-arg","locations":[{"start":{"line":27,"column":52},"end":{"line":27,"column":70}}],"line":27},"3":{"loc":{"start":{"line":28,"column":1},"end":{"line":28,"column":56}},"type":"if","locations":[{"start":{"line":28,"column":1},"end":{"line":28,"column":56}},{"start":{},"end":{}}],"line":28},"4":{"loc":{"start":{"line":30,"column":1},"end":{"line":30,"column":54}},"type":"if","locations":[{"start":{"line":30,"column":1},"end":{"line":30,"column":54}},{"start":{},"end":{}}],"line":30}},"s":{"0":4,"1":4,"2":2,"3":3,"4":2,"5":1,"6":1,"7":1,"8":1,"9":6,"10":1,"11":5,"12":5,"13":1,"14":4,"15":4,"16":4},"f":{"0":4,"1":2,"2":3,"3":6},"b":{"0":[1],"1":[2,1],"2":[5],"3":[1,5],"4":[1,4]},"_coverageSchema":"1a1c01bbd47fc00a2c39e90264f33305004495a9","hash":"605d660a81432713715eec9513c5d9043660f6e5"}
,"C:\\Users\\hersh\\GithubRepos\\JS-SDK\\src\\database\\wrappers\\database.js": {"path":"C:\\Users\\hersh\\GithubRepos\\JS-SDK\\src\\database\\wrappers\\database.js","statementMap":{"0":{"start":{"line":5,"column":2},"end":{"line":5,"column":27}},"1":{"start":{"line":9,"column":2},"end":{"line":9,"column":60}},"2":{"start":{"line":9,"column":47},"end":{"line":9,"column":59}}},"fnMap":{"0":{"name":"(anonymous_0)","decl":{"start":{"line":4,"column":1},"end":{"line":4,"column":2}},"loc":{"start":{"line":4,"column":23},"end":{"line":6,"column":2}},"line":4},"1":{"name":"(anonymous_1)","decl":{"start":{"line":8,"column":1},"end":{"line":8,"column":2}},"loc":{"start":{"line":8,"column":22},"end":{"line":10,"column":2}},"line":8},"2":{"name":"(anonymous_2)","decl":{"start":{"line":9,"column":41},"end":{"line":9,"column":42}},"loc":{"start":{"line":9,"column":47},"end":{"line":9,"column":59}},"line":9}},"branchMap":{},"s":{"0":19,"1":1,"2":0},"f":{"0":19,"1":1,"2":0},"b":{},"_coverageSchema":"1a1c01bbd47fc00a2c39e90264f33305004495a9","hash":"3cf239980a617cf69511f565f63aa0c1e6c68215"}
,"C:\\Users\\hersh\\GithubRepos\\JS-SDK\\src\\database\\wrappers\\docstore.js": {"path":"C:\\Users\\hersh\\GithubRepos\\JS-SDK\\src\\database\\wrappers\\docstore.js","statementMap":{"0":{"start":{"line":9,"column":2},"end":{"line":9,"column":17}},"1":{"start":{"line":10,"column":2},"end":{"line":10,"column":27}},"2":{"start":{"line":14,"column":2},"end":{"line":16,"column":3}},"3":{"start":{"line":15,"column":3},"end":{"line":15,"column":33}},"4":{"start":{"line":17,"column":2},"end":{"line":17,"column":35}},"5":{"start":{"line":22,"column":2},"end":{"line":22,"column":41}},"6":{"start":{"line":26,"column":2},"end":{"line":26,"column":54}},"7":{"start":{"line":26,"column":24},"end":{"line":26,"column":54}},"8":{"start":{"line":27,"column":2},"end":{"line":27,"column":66}},"9":{"start":{"line":27,"column":34},"end":{"line":27,"column":66}},"10":{"start":{"line":28,"column":2},"end":{"line":28,"column":50}},"11":{"start":{"line":32,"column":13},"end":{"line":32,"column":21}},"12":{"start":{"line":33,"column":2},"end":{"line":33,"column":66}},"13":{"start":{"line":33,"column":34},"end":{"line":33,"column":66}},"14":{"start":{"line":34,"column":2},"end":{"line":34,"column":27}},"15":{"start":{"line":35,"column":2},"end":{"line":35,"column":11}},"16":{"start":{"line":39,"column":2},"end":{"line":39,"column":54}},"17":{"start":{"line":39,"column":24},"end":{"line":39,"column":54}},"18":{"start":{"line":40,"column":2},"end":{"line":40,"column":31}},"19":{"start":{"line":44,"column":2},"end":{"line":44,"column":54}},"20":{"start":{"line":44,"column":24},"end":{"line":44,"column":54}},"21":{"start":{"line":45,"column":2},"end":{"line":45,"column":66}},"22":{"start":{"line":45,"column":34},"end":{"line":45,"column":66}},"23":{"start":{"line":47,"column":14},"end":{"line":47,"column":27}},"24":{"start":{"line":48,"column":2},"end":{"line":48,"column":53}},"25":{"start":{"line":53,"column":27},"end":{"line":65,"column":1}},"26":{"start":{"line":58,"column":1},"end":{"line":58,"column":56}},"27":{"start":{"line":58,"column":15},"end":{"line":58,"column":56}},"28":{"start":{"line":59,"column":17},"end":{"line":59,"column":47}},"29":{"start":{"line":60,"column":1},"end":{"line":60,"column":54}},"30":{"start":{"line":60,"column":15},"end":{"line":60,"column":54}},"31":{"start":{"line":62,"column":18},"end":{"line":62,"column":54}},"32":{"start":{"line":63,"column":1},"end":{"line":63,"column":22}},"33":{"start":{"line":64,"column":1},"end":{"line":64,"column":38}}},"fnMap":{"0":{"name":"(anonymous_0)","decl":{"start":{"line":8,"column":1},"end":{"line":8,"column":2}},"loc":{"start":{"line":8,"column":23},"end":{"line":11,"column":2}},"line":8},"1":{"name":"(anonymous_1)","decl":{"start":{"line":13,"column":1},"end":{"line":13,"column":2}},"loc":{"start":{"line":13,"column":17},"end":{"line":19,"column":2}},"line":13},"2":{"name":"(anonymous_2)","decl":{"start":{"line":21,"column":1},"end":{"line":21,"column":2}},"loc":{"start":{"line":21,"column":19},"end":{"line":23,"column":2}},"line":21},"3":{"name":"(anonymous_3)","decl":{"start":{"line":25,"column":1},"end":{"line":25,"column":2}},"loc":{"start":{"line":25,"column":23},"end":{"line":29,"column":2}},"line":25},"4":{"name":"(anonymous_4)","decl":{"start":{"line":31,"column":1},"end":{"line":31,"column":2}},"loc":{"start":{"line":31,"column":18},"end":{"line":36,"column":2}},"line":31},"5":{"name":"(anonymous_5)","decl":{"start":{"line":38,"column":1},"end":{"line":38,"column":2}},"loc":{"start":{"line":38,"column":19},"end":{"line":41,"column":2}},"line":38},"6":{"name":"(anonymous_6)","decl":{"start":{"line":43,"column":1},"end":{"line":43,"column":2}},"loc":{"start":{"line":43,"column":26},"end":{"line":49,"column":2}},"line":43},"7":{"name":"(anonymous_7)","decl":{"start":{"line":53,"column":27},"end":{"line":53,"column":28}},"loc":{"start":{"line":57,"column":5},"end":{"line":65,"column":1}},"line":57}},"branchMap":{"0":{"loc":{"start":{"line":13,"column":5},"end":{"line":13,"column":15}},"type":"default-arg","locations":[{"start":{"line":13,"column":11},"end":{"line":13,"column":15}}],"line":13},"1":{"loc":{"start":{"line":14,"column":2},"end":{"line":16,"column":3}},"type":"if","locations":[{"start":{"line":14,"column":2},"end":{"line":16,"column":3}},{"start":{},"end":{}}],"line":14},"2":{"loc":{"start":{"line":26,"column":2},"end":{"line":26,"column":54}},"type":"if","locations":[{"start":{"line":26,"column":2},"end":{"line":26,"column":54}},{"start":{},"end":{}}],"line":26},"3":{"loc":{"start":{"line":27,"column":2},"end":{"line":27,"column":66}},"type":"if","locations":[{"start":{"line":27,"column":2},"end":{"line":27,"column":66}},{"start":{},"end":{}}],"line":27},"4":{"loc":{"start":{"line":33,"column":2},"end":{"line":33,"column":66}},"type":"if","locations":[{"start":{"line":33,"column":2},"end":{"line":33,"column":66}},{"start":{},"end":{}}],"line":33},"5":{"loc":{"start":{"line":39,"column":2},"end":{"line":39,"column":54}},"type":"if","locations":[{"start":{"line":39,"column":2},"end":{"line":39,"column":54}},{"start":{},"end":{}}],"line":39},"6":{"loc":{"start":{"line":44,"column":2},"end":{"line":44,"column":54}},"type":"if","locations":[{"start":{"line":44,"column":2},"end":{"line":44,"column":54}},{"start":{},"end":{}}],"line":44},"7":{"loc":{"start":{"line":45,"column":2},"end":{"line":45,"column":66}},"type":"if","locations":[{"start":{"line":45,"column":2},"end":{"line":45,"column":66}},{"start":{},"end":{}}],"line":45},"8":{"loc":{"start":{"line":56,"column":1},"end":{"line":56,"column":29}},"type":"default-arg","locations":[{"start":{"line":56,"column":11},"end":{"line":56,"column":29}}],"line":56},"9":{"loc":{"start":{"line":58,"column":1},"end":{"line":58,"column":56}},"type":"if","locations":[{"start":{"line":58,"column":1},"end":{"line":58,"column":56}},{"start":{},"end":{}}],"line":58},"10":{"loc":{"start":{"line":60,"column":1},"end":{"line":60,"column":54}},"type":"if","locations":[{"start":{"line":60,"column":1},"end":{"line":60,"column":54}},{"start":{},"end":{}}],"line":60}},"s":{"0":6,"1":6,"2":4,"3":1,"4":3,"5":1,"6":5,"7":0,"8":5,"9":0,"10":5,"11":2,"12":2,"13":0,"14":2,"15":2,"16":1,"17":0,"18":1,"19":0,"20":0,"21":0,"22":0,"23":0,"24":0,"25":1,"26":6,"27":0,"28":6,"29":6,"30":0,"31":6,"32":6,"33":6},"f":{"0":6,"1":4,"2":1,"3":5,"4":2,"5":1,"6":0,"7":6},"b":{"0":[0],"1":[1,3],"2":[0,5],"3":[0,5],"4":[0,2],"5":[0,1],"6":[0,0],"7":[0,0],"8":[6],"9":[0,6],"10":[0,6]},"_coverageSchema":"1a1c01bbd47fc00a2c39e90264f33305004495a9","hash":"0d1939d53050951e1b4d65eeda0953ff33de3719"}
,"C:\\Users\\hersh\\GithubRepos\\JS-SDK\\src\\database\\wrappers\\keyvalue.js": {"path":"C:\\Users\\hersh\\GithubRepos\\JS-SDK\\src\\database\\wrappers\\keyvalue.js","statementMap":{"0":{"start":{"line":8,"column":2},"end":{"line":8,"column":17}},"1":{"start":{"line":9,"column":2},"end":{"line":9,"column":27}},"2":{"start":{"line":13,"column":2},"end":{"line":13,"column":23}},"3":{"start":{"line":17,"column":2},"end":{"line":19,"column":3}},"4":{"start":{"line":18,"column":3},"end":{"line":18,"column":33}},"5":{"start":{"line":20,"column":2},"end":{"line":20,"column":32}},"6":{"start":{"line":24,"column":2},"end":{"line":24,"column":27}},"7":{"start":{"line":28,"column":2},"end":{"line":30,"column":3}},"8":{"start":{"line":29,"column":3},"end":{"line":29,"column":33}},"9":{"start":{"line":32,"column":2},"end":{"line":32,"column":38}},"10":{"start":{"line":36,"column":2},"end":{"line":38,"column":3}},"11":{"start":{"line":37,"column":3},"end":{"line":37,"column":33}},"12":{"start":{"line":39,"column":2},"end":{"line":39,"column":31}},"13":{"start":{"line":44,"column":27},"end":{"line":52,"column":1}},"14":{"start":{"line":45,"column":1},"end":{"line":45,"column":56}},"15":{"start":{"line":45,"column":15},"end":{"line":45,"column":56}},"16":{"start":{"line":46,"column":17},"end":{"line":46,"column":47}},"17":{"start":{"line":47,"column":1},"end":{"line":47,"column":54}},"18":{"start":{"line":47,"column":15},"end":{"line":47,"column":54}},"19":{"start":{"line":49,"column":18},"end":{"line":49,"column":49}},"20":{"start":{"line":50,"column":1},"end":{"line":50,"column":22}},"21":{"start":{"line":51,"column":1},"end":{"line":51,"column":32}}},"fnMap":{"0":{"name":"(anonymous_0)","decl":{"start":{"line":7,"column":1},"end":{"line":7,"column":2}},"loc":{"start":{"line":7,"column":23},"end":{"line":10,"column":2}},"line":7},"1":{"name":"(anonymous_1)","decl":{"start":{"line":12,"column":1},"end":{"line":12,"column":2}},"loc":{"start":{"line":12,"column":12},"end":{"line":14,"column":2}},"line":12},"2":{"name":"(anonymous_2)","decl":{"start":{"line":16,"column":1},"end":{"line":16,"column":2}},"loc":{"start":{"line":16,"column":10},"end":{"line":21,"column":2}},"line":16},"3":{"name":"(anonymous_3)","decl":{"start":{"line":23,"column":1},"end":{"line":23,"column":2}},"loc":{"start":{"line":23,"column":10},"end":{"line":25,"column":2}},"line":23},"4":{"name":"(anonymous_4)","decl":{"start":{"line":27,"column":1},"end":{"line":27,"column":2}},"loc":{"start":{"line":27,"column":23},"end":{"line":33,"column":2}},"line":27},"5":{"name":"(anonymous_5)","decl":{"start":{"line":35,"column":1},"end":{"line":35,"column":2}},"loc":{"start":{"line":35,"column":19},"end":{"line":40,"column":2}},"line":35},"6":{"name":"(anonymous_6)","decl":{"start":{"line":44,"column":27},"end":{"line":44,"column":28}},"loc":{"start":{"line":44,"column":76},"end":{"line":52,"column":1}},"line":44}},"branchMap":{"0":{"loc":{"start":{"line":17,"column":2},"end":{"line":19,"column":3}},"type":"if","locations":[{"start":{"line":17,"column":2},"end":{"line":19,"column":3}},{"start":{},"end":{}}],"line":17},"1":{"loc":{"start":{"line":28,"column":2},"end":{"line":30,"column":3}},"type":"if","locations":[{"start":{"line":28,"column":2},"end":{"line":30,"column":3}},{"start":{},"end":{}}],"line":28},"2":{"loc":{"start":{"line":36,"column":2},"end":{"line":38,"column":3}},"type":"if","locations":[{"start":{"line":36,"column":2},"end":{"line":38,"column":3}},{"start":{},"end":{}}],"line":36},"3":{"loc":{"start":{"line":44,"column":43},"end":{"line":44,"column":71}},"type":"default-arg","locations":[{"start":{"line":44,"column":53},"end":{"line":44,"column":71}}],"line":44},"4":{"loc":{"start":{"line":45,"column":1},"end":{"line":45,"column":56}},"type":"if","locations":[{"start":{"line":45,"column":1},"end":{"line":45,"column":56}},{"start":{},"end":{}}],"line":45},"5":{"loc":{"start":{"line":47,"column":1},"end":{"line":47,"column":54}},"type":"if","locations":[{"start":{"line":47,"column":1},"end":{"line":47,"column":54}},{"start":{},"end":{}}],"line":47}},"s":{"0":9,"1":9,"2":1,"3":3,"4":1,"5":2,"6":1,"7":6,"8":1,"9":5,"10":2,"11":1,"12":1,"13":1,"14":11,"15":1,"16":10,"17":10,"18":1,"19":9,"20":9,"21":9},"f":{"0":9,"1":1,"2":3,"3":1,"4":6,"5":2,"6":11},"b":{"0":[1,2],"1":[1,5],"2":[1,1],"3":[10],"4":[1,10],"5":[1,9]},"_coverageSchema":"1a1c01bbd47fc00a2c39e90264f33305004495a9","hash":"24e6ddc1e673b1104e42ee66ce237c3edda9f609"}
,"C:\\Users\\hersh\\GithubRepos\\JS-SDK\\src\\database\\wrappers\\utils.js": {"path":"C:\\Users\\hersh\\GithubRepos\\JS-SDK\\src\\database\\wrappers\\utils.js","statementMap":{"0":{"start":{"line":5,"column":31},"end":{"line":14,"column":1}},"1":{"start":{"line":6,"column":1},"end":{"line":8,"column":2}},"2":{"start":{"line":7,"column":2},"end":{"line":7,"column":14}},"3":{"start":{"line":10,"column":27},"end":{"line":12,"column":3}},"4":{"start":{"line":13,"column":1},"end":{"line":13,"column":25}},"5":{"start":{"line":17,"column":1},"end":{"line":19,"column":2}},"6":{"start":{"line":18,"column":2},"end":{"line":18,"column":13}},"7":{"start":{"line":20,"column":1},"end":{"line":20,"column":13}},"8":{"start":{"line":24,"column":1},"end":{"line":26,"column":2}},"9":{"start":{"line":25,"column":2},"end":{"line":25,"column":13}},"10":{"start":{"line":27,"column":1},"end":{"line":27,"column":13}}},"fnMap":{"0":{"name":"(anonymous_0)","decl":{"start":{"line":5,"column":31},"end":{"line":5,"column":32}},"loc":{"start":{"line":5,"column":50},"end":{"line":14,"column":1}},"line":5},"1":{"name":"isValidKey","decl":{"start":{"line":16,"column":16},"end":{"line":16,"column":26}},"loc":{"start":{"line":16,"column":32},"end":{"line":21,"column":1}},"line":16},"2":{"name":"isValidValueObject","decl":{"start":{"line":23,"column":16},"end":{"line":23,"column":34}},"loc":{"start":{"line":23,"column":42},"end":{"line":28,"column":1}},"line":23}},"branchMap":{"0":{"loc":{"start":{"line":6,"column":1},"end":{"line":8,"column":2}},"type":"if","locations":[{"start":{"line":6,"column":1},"end":{"line":8,"column":2}},{"start":{},"end":{}}],"line":6},"1":{"loc":{"start":{"line":17,"column":1},"end":{"line":19,"column":2}},"type":"if","locations":[{"start":{"line":17,"column":1},"end":{"line":19,"column":2}},{"start":{},"end":{}}],"line":17},"2":{"loc":{"start":{"line":24,"column":1},"end":{"line":26,"column":2}},"type":"if","locations":[{"start":{"line":24,"column":1},"end":{"line":26,"column":2}},{"start":{},"end":{}}],"line":24}},"s":{"0":1,"1":21,"2":2,"3":19,"4":19,"5":6,"6":6,"7":0,"8":7,"9":7,"10":0},"f":{"0":21,"1":6,"2":7},"b":{"0":[2,19],"1":[6,0],"2":[7,0]},"_coverageSchema":"1a1c01bbd47fc00a2c39e90264f33305004495a9","hash":"31f66a4ca0de00725e315dd3832c5671639c7e34"}
}
