{"C:\\Users\\dhruv\\Documents\\GitHub\\JS-SDK\\src\\auth\\index.js": {"path":"C:\\Users\\dhruv\\Documents\\GitHub\\JS-SDK\\src\\auth\\index.js","statementMap":{"0":{"start":{"line":2,"column":1},"end":{"line":2,"column":48}},"1":{"start":{"line":6,"column":1},"end":{"line":6,"column":50}},"2":{"start":{"line":10,"column":1},"end":{"line":18,"column":2}},"3":{"start":{"line":11,"column":2},"end":{"line":13,"column":4}},"4":{"start":{"line":14,"column":2},"end":{"line":14,"column":39}},"5":{"start":{"line":16,"column":2},"end":{"line":16,"column":18}},"6":{"start":{"line":17,"column":2},"end":{"line":17,"column":9}},"7":{"start":{"line":26,"column":1},"end":{"line":31,"column":2}}},"fnMap":{"0":{"name":"isLoggedIn","decl":{"start":{"line":1,"column":16},"end":{"line":1,"column":26}},"loc":{"start":{"line":1,"column":29},"end":{"line":3,"column":1}},"line":1},"1":{"name":"getAccountId","decl":{"start":{"line":5,"column":16},"end":{"line":5,"column":28}},"loc":{"start":{"line":5,"column":31},"end":{"line":7,"column":1}},"line":5},"2":{"name":"logout","decl":{"start":{"line":9,"column":22},"end":{"line":9,"column":28}},"loc":{"start":{"line":9,"column":31},"end":{"line":19,"column":1}},"line":9},"3":{"name":"login","decl":{"start":{"line":21,"column":22},"end":{"line":21,"column":27}},"loc":{"start":{"line":25,"column":2},"end":{"line":32,"column":1}},"line":25}},"branchMap":{"0":{"loc":{"start":{"line":22,"column":1},"end":{"line":22,"column":26}},"type":"default-arg","locations":[{"start":{"line":22,"column":11},"end":{"line":22,"column":26}}],"line":22},"1":{"loc":{"start":{"line":23,"column":1},"end":{"line":23,"column":34}},"type":"default-arg","locations":[{"start":{"line":23,"column":14},"end":{"line":23,"column":34}}],"line":23},"2":{"loc":{"start":{"line":24,"column":1},"end":{"line":24,"column":34}},"type":"default-arg","locations":[{"start":{"line":24,"column":14},"end":{"line":24,"column":34}}],"line":24}},"s":{"0":1,"1":1,"2":0,"3":0,"4":0,"5":0,"6":0,"7":0},"f":{"0":1,"1":1,"2":0,"3":0},"b":{"0":[0],"1":[0],"2":[0]},"_coverageSchema":"1a1c01bbd47fc00a2c39e90264f33305004495a9","hash":"16bf22aebd43faf05a28429b5e239013689b737e"}
,"C:\\Users\\dhruv\\Documents\\GitHub\\JS-SDK\\src\\database\\wrappers\\counter.js": {"path":"C:\\Users\\dhruv\\Documents\\GitHub\\JS-SDK\\src\\database\\wrappers\\counter.js","statementMap":{"0":{"start":{"line":8,"column":2},"end":{"line":8,"column":17}},"1":{"start":{"line":9,"column":2},"end":{"line":9,"column":27}},"2":{"start":{"line":13,"column":2},"end":{"line":13,"column":29}},"3":{"start":{"line":17,"column":2},"end":{"line":18,"column":42}},"4":{"start":{"line":18,"column":3},"end":{"line":18,"column":42}},"5":{"start":{"line":20,"column":2},"end":{"line":22,"column":3}},"6":{"start":{"line":20,"column":15},"end":{"line":20,"column":16}},"7":{"start":{"line":21,"column":3},"end":{"line":21,"column":29}},"8":{"start":{"line":27,"column":26},"end":{"line":35,"column":1}},"9":{"start":{"line":28,"column":1},"end":{"line":28,"column":56}},"10":{"start":{"line":28,"column":15},"end":{"line":28,"column":56}},"11":{"start":{"line":29,"column":17},"end":{"line":29,"column":47}},"12":{"start":{"line":30,"column":1},"end":{"line":30,"column":54}},"13":{"start":{"line":30,"column":15},"end":{"line":30,"column":54}},"14":{"start":{"line":32,"column":18},"end":{"line":32,"column":48}},"15":{"start":{"line":33,"column":1},"end":{"line":33,"column":22}},"16":{"start":{"line":34,"column":1},"end":{"line":34,"column":37}}},"fnMap":{"0":{"name":"(anonymous_0)","decl":{"start":{"line":7,"column":1},"end":{"line":7,"column":2}},"loc":{"start":{"line":7,"column":23},"end":{"line":10,"column":2}},"line":7},"1":{"name":"(anonymous_1)","decl":{"start":{"line":12,"column":1},"end":{"line":12,"column":2}},"loc":{"start":{"line":12,"column":7},"end":{"line":14,"column":2}},"line":12},"2":{"name":"(anonymous_2)","decl":{"start":{"line":16,"column":1},"end":{"line":16,"column":2}},"loc":{"start":{"line":16,"column":20},"end":{"line":23,"column":2}},"line":16},"3":{"name":"(anonymous_3)","decl":{"start":{"line":27,"column":26},"end":{"line":27,"column":27}},"loc":{"start":{"line":27,"column":75},"end":{"line":35,"column":1}},"line":27}},"branchMap":{"0":{"loc":{"start":{"line":16,"column":11},"end":{"line":16,"column":18}},"type":"default-arg","locations":[{"start":{"line":16,"column":17},"end":{"line":16,"column":18}}],"line":16},"1":{"loc":{"start":{"line":17,"column":2},"end":{"line":18,"column":42}},"type":"if","locations":[{"start":{"line":17,"column":2},"end":{"line":18,"column":42}},{"start":{},"end":{}}],"line":17},"2":{"loc":{"start":{"line":27,"column":42},"end":{"line":27,"column":70}},"type":"default-arg","locations":[{"start":{"line":27,"column":52},"end":{"line":27,"column":70}}],"line":27},"3":{"loc":{"start":{"line":28,"column":1},"end":{"line":28,"column":56}},"type":"if","locations":[{"start":{"line":28,"column":1},"end":{"line":28,"column":56}},{"start":{},"end":{}}],"line":28},"4":{"loc":{"start":{"line":30,"column":1},"end":{"line":30,"column":54}},"type":"if","locations":[{"start":{"line":30,"column":1},"end":{"line":30,"column":54}},{"start":{},"end":{}}],"line":30}},"s":{"0":4,"1":4,"2":2,"3":3,"4":2,"5":1,"6":1,"7":2,"8":1,"9":4,"10":0,"11":4,"12":4,"13":0,"14":4,"15":4,"16":4},"f":{"0":4,"1":2,"2":3,"3":4},"b":{"0":[0],"1":[2,1],"2":[4],"3":[0,4],"4":[0,4]},"_coverageSchema":"1a1c01bbd47fc00a2c39e90264f33305004495a9","hash":"112545796e957c1ef949b7d456d500eab70592b2"}
,"C:\\Users\\dhruv\\Documents\\GitHub\\JS-SDK\\src\\database\\wrappers\\database.js": {"path":"C:\\Users\\dhruv\\Documents\\GitHub\\JS-SDK\\src\\database\\wrappers\\database.js","statementMap":{"0":{"start":{"line":5,"column":2},"end":{"line":5,"column":27}},"1":{"start":{"line":9,"column":2},"end":{"line":9,"column":60}},"2":{"start":{"line":9,"column":47},"end":{"line":9,"column":59}}},"fnMap":{"0":{"name":"(anonymous_0)","decl":{"start":{"line":4,"column":1},"end":{"line":4,"column":2}},"loc":{"start":{"line":4,"column":23},"end":{"line":6,"column":2}},"line":4},"1":{"name":"(anonymous_1)","decl":{"start":{"line":8,"column":1},"end":{"line":8,"column":2}},"loc":{"start":{"line":8,"column":22},"end":{"line":10,"column":2}},"line":8},"2":{"name":"(anonymous_2)","decl":{"start":{"line":9,"column":41},"end":{"line":9,"column":42}},"loc":{"start":{"line":9,"column":47},"end":{"line":9,"column":59}},"line":9}},"branchMap":{},"s":{"0":4,"1":0,"2":0},"f":{"0":4,"1":0,"2":0},"b":{},"_coverageSchema":"1a1c01bbd47fc00a2c39e90264f33305004495a9","hash":"9d3cc93c719bd08ed2fd67c62181170162c111f2"}
,"C:\\Users\\dhruv\\Documents\\GitHub\\JS-SDK\\src\\database\\wrappers\\utils.js": {"path":"C:\\Users\\dhruv\\Documents\\GitHub\\JS-SDK\\src\\database\\wrappers\\utils.js","statementMap":{"0":{"start":{"line":5,"column":31},"end":{"line":14,"column":1}},"1":{"start":{"line":6,"column":1},"end":{"line":8,"column":2}},"2":{"start":{"line":7,"column":2},"end":{"line":7,"column":14}},"3":{"start":{"line":10,"column":27},"end":{"line":12,"column":3}},"4":{"start":{"line":13,"column":1},"end":{"line":13,"column":25}},"5":{"start":{"line":17,"column":1},"end":{"line":17,"column":38}},"6":{"start":{"line":21,"column":1},"end":{"line":21,"column":40}}},"fnMap":{"0":{"name":"(anonymous_0)","decl":{"start":{"line":5,"column":31},"end":{"line":5,"column":32}},"loc":{"start":{"line":5,"column":50},"end":{"line":14,"column":1}},"line":5},"1":{"name":"isValidKey","decl":{"start":{"line":16,"column":16},"end":{"line":16,"column":26}},"loc":{"start":{"line":16,"column":32},"end":{"line":18,"column":1}},"line":16},"2":{"name":"isValidValueObject","decl":{"start":{"line":20,"column":16},"end":{"line":20,"column":34}},"loc":{"start":{"line":20,"column":42},"end":{"line":22,"column":1}},"line":20}},"branchMap":{"0":{"loc":{"start":{"line":6,"column":1},"end":{"line":8,"column":2}},"type":"if","locations":[{"start":{"line":6,"column":1},"end":{"line":8,"column":2}},{"start":{},"end":{}}],"line":6},"1":{"loc":{"start":{"line":17,"column":8},"end":{"line":17,"column":38}},"type":"binary-expr","locations":[{"start":{"line":17,"column":8},"end":{"line":17,"column":11}},{"start":{"line":17,"column":15},"end":{"line":17,"column":38}}],"line":17},"2":{"loc":{"start":{"line":21,"column":8},"end":{"line":21,"column":40}},"type":"binary-expr","locations":[{"start":{"line":21,"column":8},"end":{"line":21,"column":13}},{"start":{"line":21,"column":17},"end":{"line":21,"column":40}}],"line":21}},"s":{"0":1,"1":4,"2":0,"3":4,"4":4,"5":0,"6":0},"f":{"0":4,"1":0,"2":0},"b":{"0":[0,4],"1":[0,0],"2":[0,0]},"_coverageSchema":"1a1c01bbd47fc00a2c39e90264f33305004495a9","hash":"6b5d5a2938dc8e7559c79d22a917f0ddb607cd75"}
}
