TN:
SF:src\auth\index.js
FN:1,isLoggedIn
FN:5,getAccountId
FN:9,logout
FN:21,login
FNF:4
FNH:3
FNDA:1,isLoggedIn
FNDA:1,getAccountId
FNDA:0,logout
FNDA:1,login
DA:2,1
DA:6,1
DA:10,0
DA:11,0
DA:14,0
DA:16,0
DA:17,0
DA:26,1
LF:8
LH:3
BRDA:22,0,0,0
BRDA:23,1,0,0
BRDA:24,2,0,0
BRF:3
BRH:0
end_of_record
TN:
SF:src\database\wrappers\counter.js
FN:7,(anonymous_0)
FN:12,(anonymous_1)
FN:16,(anonymous_2)
FN:27,(anonymous_3)
FNF:4
FNH:4
FNDA:4,(anonymous_0)
FNDA:2,(anonymous_1)
FNDA:3,(anonymous_2)
FNDA:6,(anonymous_3)
DA:8,4
DA:9,4
DA:13,2
DA:17,3
DA:18,2
DA:20,1
DA:21,1
DA:27,1
DA:28,6
DA:29,5
DA:30,5
DA:32,4
DA:33,4
DA:34,4
LF:14
LH:14
BRDA:16,0,0,1
BRDA:17,1,0,2
BRDA:17,1,1,1
BRDA:27,2,0,5
BRDA:28,3,0,1
BRDA:28,3,1,5
BRDA:30,4,0,1
BRDA:30,4,1,4
BRF:8
BRH:8
end_of_record
TN:
SF:src\database\wrappers\database.js
FN:4,(anonymous_0)
FN:8,(anonymous_1)
FN:9,(anonymous_2)
FNF:3
FNH:2
FNDA:19,(anonymous_0)
FNDA:1,(anonymous_1)
FNDA:0,(anonymous_2)
DA:5,19
DA:9,1
LF:2
LH:2
BRF:0
BRH:0
end_of_record
TN:
SF:src\database\wrappers\docstore.js
FN:8,(anonymous_0)
FN:13,(anonymous_1)
FN:21,(anonymous_2)
FN:25,(anonymous_3)
FN:31,(anonymous_4)
FN:38,(anonymous_5)
FN:43,(anonymous_6)
FN:53,(anonymous_7)
FNF:8
FNH:7
FNDA:6,(anonymous_0)
FNDA:4,(anonymous_1)
FNDA:1,(anonymous_2)
FNDA:5,(anonymous_3)
FNDA:2,(anonymous_4)
FNDA:1,(anonymous_5)
FNDA:0,(anonymous_6)
FNDA:6,(anonymous_7)
DA:9,6
DA:10,6
DA:14,4
DA:15,1
DA:17,3
DA:22,1
DA:26,5
DA:27,5
DA:28,5
DA:32,2
DA:33,2
DA:34,2
DA:35,2
DA:39,1
DA:40,1
DA:44,0
DA:45,0
DA:47,0
DA:48,0
DA:53,1
DA:58,6
DA:59,6
DA:60,6
DA:62,6
DA:63,6
DA:64,6
LF:26
LH:22
BRDA:13,0,0,0
BRDA:14,1,0,1
BRDA:14,1,1,3
BRDA:26,2,0,0
BRDA:26,2,1,5
BRDA:27,3,0,0
BRDA:27,3,1,5
BRDA:33,4,0,0
BRDA:33,4,1,2
BRDA:39,5,0,0
BRDA:39,5,1,1
BRDA:44,6,0,0
BRDA:44,6,1,0
BRDA:45,7,0,0
BRDA:45,7,1,0
BRDA:56,8,0,6
BRDA:58,9,0,0
BRDA:58,9,1,6
BRDA:60,10,0,0
BRDA:60,10,1,6
BRF:20
BRH:9
end_of_record
TN:
SF:src\database\wrappers\keyvalue.js
FN:7,(anonymous_0)
FN:12,(anonymous_1)
FN:16,(anonymous_2)
FN:23,(anonymous_3)
FN:27,(anonymous_4)
FN:35,(anonymous_5)
FN:44,(anonymous_6)
FNF:7
FNH:7
FNDA:9,(anonymous_0)
FNDA:1,(anonymous_1)
FNDA:3,(anonymous_2)
FNDA:1,(anonymous_3)
FNDA:6,(anonymous_4)
FNDA:2,(anonymous_5)
FNDA:11,(anonymous_6)
DA:8,9
DA:9,9
DA:13,1
DA:17,3
DA:18,1
DA:20,2
DA:24,1
DA:28,6
DA:29,1
DA:32,5
DA:36,2
DA:37,1
DA:39,1
DA:44,1
DA:45,11
DA:46,10
DA:47,10
DA:49,9
DA:50,9
DA:51,9
LF:20
LH:20
BRDA:17,0,0,1
BRDA:17,0,1,2
BRDA:28,1,0,1
BRDA:28,1,1,5
BRDA:36,2,0,1
BRDA:36,2,1,1
BRDA:44,3,0,10
BRDA:45,4,0,1
BRDA:45,4,1,10
BRDA:47,5,0,1
BRDA:47,5,1,9
BRF:11
BRH:11
end_of_record
TN:
SF:src\database\wrappers\utils.js
FN:5,(anonymous_0)
FN:16,isValidKey
FN:23,isValidValueObject
FNF:3
FNH:3
FNDA:21,(anonymous_0)
FNDA:6,isValidKey
FNDA:7,isValidValueObject
DA:5,1
DA:6,21
DA:7,2
DA:10,19
DA:13,19
DA:17,6
DA:18,6
DA:20,0
DA:24,7
DA:25,7
DA:27,0
LF:11
LH:9
BRDA:6,0,0,2
BRDA:6,0,1,19
BRDA:17,1,0,6
BRDA:17,1,1,0
BRDA:24,2,0,7
BRDA:24,2,1,0
BRF:6
BRH:4
end_of_record
