TN:
SF:src\auth\index.js
FN:1,isLoggedIn
FN:5,getAccountId
FN:9,logout
FN:21,login
FNF:4
FNH:2
FNDA:1,isLoggedIn
FNDA:1,getAccountId
FNDA:0,logout
FNDA:0,login
DA:2,1
DA:6,1
DA:10,0
DA:11,0
DA:14,0
DA:16,0
DA:17,0
DA:26,0
LF:8
LH:2
BRDA:22,0,0,0
BRDA:23,1,0,0
BRDA:24,2,0,0
BRF:3
BRH:0
end_of_record
TN:
SF:src\database\wrappers\counter.js
FN:7,(anonymous_0)
FN:12,(anonymous_1)
FN:16,(anonymous_2)
FN:27,(anonymous_3)
FNF:4
FNH:4
FNDA:4,(anonymous_0)
FNDA:2,(anonymous_1)
FNDA:3,(anonymous_2)
FNDA:4,(anonymous_3)
DA:8,4
DA:9,4
DA:13,2
DA:17,3
DA:18,2
DA:20,1
DA:21,2
DA:27,1
DA:28,4
DA:29,4
DA:30,4
DA:32,4
DA:33,4
DA:34,4
LF:14
LH:14
BRDA:16,0,0,0
BRDA:17,1,0,2
BRDA:17,1,1,1
BRDA:27,2,0,4
BRDA:28,3,0,0
BRDA:28,3,1,4
BRDA:30,4,0,0
BRDA:30,4,1,4
BRF:8
BRH:5
end_of_record
TN:
SF:src\database\wrappers\database.js
FN:4,(anonymous_0)
FN:8,(anonymous_1)
FN:9,(anonymous_2)
FNF:3
FNH:1
FNDA:4,(anonymous_0)
FNDA:0,(anonymous_1)
FNDA:0,(anonymous_2)
DA:5,4
DA:9,0
LF:2
LH:1
BRF:0
BRH:0
end_of_record
TN:
SF:src\database\wrappers\utils.js
FN:5,(anonymous_0)
FN:16,isValidKey
FN:20,isValidValueObject
FNF:3
FNH:1
FNDA:4,(anonymous_0)
FNDA:0,isValidKey
FNDA:0,isValidValueObject
DA:5,1
DA:6,4
DA:7,0
DA:10,4
DA:13,4
DA:17,0
DA:21,0
LF:7
LH:4
BRDA:6,0,0,0
BRDA:6,0,1,4
BRDA:17,1,0,0
BRDA:17,1,1,0
BRDA:21,2,0,0
BRDA:21,2,1,0
BRF:6
BRH:1
end_of_record
